FILE_TYPE=LIBRARY_PARTS;
PRIMITIVE 'SD1614T5_B1','SD1614T5_B1_Other';
  PIN
    '2':
      PIN_NUMBER='(2)';
      NO_LOAD_CHECK=BOTH;
      NO_IO_CHECK=BOTH;
      ALLOW_CONNECT=TRUE;
      PINUSE='UNSPEC';
    '':
      PIN_NUMBER='()';
      NO_LOAD_CHECK=BOTH;
      NO_IO_CHECK=BOTH;
      ALLOW_CONNECT=TRUE;
      PINUSE='UNSPEC';
  END_PIN;
  BODY
    PART_NAME='SD1614T5_B1';
    PHYS_DES_PREFIX='LS';
    NO_LOAD_CHECK='TRUE';
    PIN_COUNT='2';
    BODY_NAME='SD1614T5_B1';
    JEDEC_TYPE='SD1614T5B1';
  END_BODY;
END_PRIMITIVE;
END.
