FILE_TYPE=LIBRARY_PARTS;
PRIMITIVE 'CRCW0805330RFKEAC','CRCW0805330RFKEAC_Resistor Chip';
  PIN
    '1':
      PIN_NUMBER='(1)';
      NO_LOAD_CHECK=BOTH;
      NO_IO_CHECK=BOTH;
      ALLOW_CONNECT=TRUE;
      PINUSE='UNSPEC';
    '2':
      PIN_NUMBER='(2)';
      NO_LOAD_CHECK=BOTH;
      NO_IO_CHECK=BOTH;
      ALLOW_CONNECT=TRUE;
      PINUSE='UNSPEC';
  END_PIN;
  BODY
    PART_NAME='CRCW0805330RFKEAC';
    PHYS_DES_PREFIX='R';
    NO_LOAD_CHECK='TRUE';
    PIN_COUNT='2';
    BODY_NAME='CRCW0805330RFKEAC';
    JEDEC_TYPE='RESC2012X60N';
  END_BODY;
END_PRIMITIVE;
END.
